<?xml version="1.0" encoding="UTF-8"?>
<!-- Generated by org.testng.reporters.JUnitXMLReporter -->
<testsuite ignored="0" hostname="Shubhas-MacBook-Pro.local" failures="1" tests="4" name="Command line test" time="0.028" errors="0" timestamp="2024-10-14T16:01:52 IST">
  <testcase classname="com.planetpope.testng.BasicTestCase" name="addition" time="0.002"/>
  <testcase classname="com.planetpope.testng.BasicTestCase" name="isFalse" time="0.0"/>
  <testcase classname="com.planetpope.testng.BasicTestCase" name="isTrue" time="0.002">
    <failure type="java.lang.AssertionError" message="expected [true] but found [false]">
      <![CDATA[java.lang.AssertionError: expected [true] but found [false]
at com.planetpope.testng.BasicTestCase.isTrue(BasicTestCase.java:25)
at java.base/java.util.ArrayList.forEach(ArrayList.java:1597)
at com.planetpope.testng.TestRunner.main(TestRunner.java:10)
... Removed 26 stack frames]]>
    </failure>
  </testcase> <!-- isTrue -->
  <testcase classname="com.planetpope.testng.BasicTestCase" name="subtraction" time="0.0"/>
</testsuite> <!-- Command line test -->
